0 info it worked if it ends with ok
1 verbose cli [ '/usr/local/Cellar/node/7.0.0/bin/node',
1 verbose cli   '/usr/local/bin/npm',
1 verbose cli   'start' ]
2 info using npm@3.10.8
3 info using node@v7.0.0
4 verbose run-script [ 'prestart', 'start', 'poststart' ]
5 info lifecycle serverless-starter@1.0.0~prestart: serverless-starter@1.0.0
6 silly lifecycle serverless-starter@1.0.0~prestart: no script for prestart, continuing
7 info lifecycle serverless-starter@1.0.0~start: serverless-starter@1.0.0
8 verbose lifecycle serverless-starter@1.0.0~start: unsafe-perm in lifecycle true
9 verbose lifecycle serverless-starter@1.0.0~start: PATH: /usr/local/lib/node_modules/npm/bin/node-gyp-bin:/Users/aop/code/starters/serverless-babel-starter/node_modules/.bin:/usr/local/Cellar/node/7.0.0/bin:/Users/aop/.rbenv/shims:/usr/local/bin:/Users/aop/.fzf/bin:/usr/local/bin:/Users/aop/.config/fnm/bin:/Users/aop/.rbenv/shims:/usr/local/bin:/usr/local/bin:/usr/bin:/bin:/usr/sbin:/sbin:/usr/local/MacGPG2/bin:/usr/local/nvm/versions/node/v4.2.1/bin:/usr/bin:/Applications/Postgres.app/Contents/Versions/9.5/bin:/usr/local/bin:/usr/bin:/bin:/usr/sbin:/sbin:/usr/local/MacGPG2/bin:/usr/local/nvm/versions/node/v4.2.1/bin:/usr/bin:/Applications/Postgres.app/Contents/Versions/9.5/bin:/usr/local/bin:/usr/bin:/bin:/usr/sbin:/sbin:/usr/local/MacGPG2/bin:/usr/local/nvm/versions/node/v4.2.1/bin:/usr/local/bin:/usr/bin:/bin:/usr/sbin:/sbin:/usr/local/MacGPG2/bin:/usr/bin:/Applications/Postgres.app/Contents/Versions/9.5/bin
10 verbose lifecycle serverless-starter@1.0.0~start: CWD: /Users/aop/code/starters/serverless-babel-starter
11 silly lifecycle serverless-starter@1.0.0~start: Args: [ '-c',
11 silly lifecycle   'concurrently --kill-others "npm run web" "npm run webpack-dev-server"' ]
12 info lifecycle serverless-starter@1.0.0~start: Failed to exec start script
13 verbose stack Error: serverless-starter@1.0.0 start: `concurrently --kill-others "npm run web" "npm run webpack-dev-server"`
13 verbose stack spawn ENOENT
13 verbose stack     at ChildProcess.<anonymous> (/usr/local/lib/node_modules/npm/lib/utils/spawn.js:33:16)
13 verbose stack     at emitTwo (events.js:106:13)
13 verbose stack     at ChildProcess.emit (events.js:191:7)
13 verbose stack     at maybeClose (internal/child_process.js:877:16)
13 verbose stack     at Process.ChildProcess._handle.onexit (internal/child_process.js:226:5)
14 verbose pkgid serverless-starter@1.0.0
15 verbose cwd /Users/aop/code/starters/serverless-babel-starter
16 error Darwin 15.6.0
17 error argv "/usr/local/Cellar/node/7.0.0/bin/node" "/usr/local/bin/npm" "start"
18 error node v7.0.0
19 error npm  v3.10.8
20 error file sh
21 error code ELIFECYCLE
22 error errno ENOENT
23 error syscall spawn
24 error serverless-starter@1.0.0 start: `concurrently --kill-others "npm run web" "npm run webpack-dev-server"`
24 error spawn ENOENT
25 error Failed at the serverless-starter@1.0.0 start script 'concurrently --kill-others "npm run web" "npm run webpack-dev-server"'.
25 error Make sure you have the latest version of node.js and npm installed.
25 error If you do, this is most likely a problem with the serverless-starter package,
25 error not with npm itself.
25 error Tell the author that this fails on your system:
25 error     concurrently --kill-others "npm run web" "npm run webpack-dev-server"
25 error You can get information on how to open an issue for this project with:
25 error     npm bugs serverless-starter
25 error Or if that isn't available, you can get their info via:
25 error     npm owner ls serverless-starter
25 error There is likely additional logging output above.
26 verbose exit [ 1, true ]
